2020-01-13 11:17:35.742  INFO 2924 --- [restartedMain] c.a.s.s.HelloSpringbootApplication       : Starting HelloSpringbootApplication on away with PID 2924 (started by away in D:\workspace\my projects\codes\hello-springboot)
2020-01-13 11:17:35.745  INFO 2924 --- [restartedMain] c.a.s.s.HelloSpringbootApplication       : No active profile set, falling back to default profiles: default
2020-01-13 11:17:35.778  INFO 2924 --- [restartedMain] .e.DevToolsPropertyDefaultsPostProcessor : Devtools property defaults active! Set 'spring.devtools.add-properties' to 'false' to disable
2020-01-13 11:17:35.778  INFO 2924 --- [restartedMain] .e.DevToolsPropertyDefaultsPostProcessor : For additional web related logging consider setting the 'logging.level.web' property to 'DEBUG'
2020-01-13 11:17:36.293  INFO 2924 --- [restartedMain] .s.d.r.c.RepositoryConfigurationDelegate : Multiple Spring Data modules found, entering strict repository configuration mode!
2020-01-13 11:17:36.294  INFO 2924 --- [restartedMain] .s.d.r.c.RepositoryConfigurationDelegate : Bootstrapping Spring Data repositories in DEFAULT mode.
2020-01-13 11:17:36.313  INFO 2924 --- [restartedMain] .s.d.r.c.RepositoryConfigurationDelegate : Finished Spring Data repository scanning in 9ms. Found 0 repository interfaces.
2020-01-13 11:17:36.706  INFO 2924 --- [restartedMain] o.s.b.w.embedded.tomcat.TomcatWebServer  : Tomcat initialized with port(s): 8080 (http)
2020-01-13 11:17:36.723  INFO 2924 --- [restartedMain] o.apache.catalina.core.StandardService   : Starting service [Tomcat]
2020-01-13 11:17:36.723  INFO 2924 --- [restartedMain] org.apache.catalina.core.StandardEngine  : Starting Servlet engine: [Apache Tomcat/9.0.22]
2020-01-13 11:17:36.793  INFO 2924 --- [restartedMain] o.a.c.c.C.[Tomcat].[localhost].[/]       : Initializing Spring embedded WebApplicationContext
2020-01-13 11:17:36.793 DEBUG 2924 --- [restartedMain] o.s.web.context.ContextLoader            : Published root WebApplicationContext as ServletContext attribute with name [org.springframework.web.context.WebApplicationContext.ROOT]
2020-01-13 11:17:36.793  INFO 2924 --- [restartedMain] o.s.web.context.ContextLoader            : Root WebApplicationContext: initialization completed in 1015 ms
2020-01-13 11:17:36.858 DEBUG 2924 --- [restartedMain] o.s.w.s.handler.SimpleUrlHandlerMapping  : Patterns [/**/favicon.ico] in 'faviconHandlerMapping'
2020-01-13 11:17:36.960  INFO 2924 --- [restartedMain] o.s.s.concurrent.ThreadPoolTaskExecutor  : Initializing ExecutorService 'applicationTaskExecutor'
2020-01-13 11:17:36.965 DEBUG 2924 --- [restartedMain] s.w.s.m.m.a.RequestMappingHandlerAdapter : ControllerAdvice beans: 0 @ModelAttribute, 0 @InitBinder, 1 RequestBodyAdvice, 1 ResponseBodyAdvice
2020-01-13 11:17:36.993 DEBUG 2924 --- [restartedMain] s.w.s.m.m.a.RequestMappingHandlerMapping : 3 mappings in 'requestMappingHandlerMapping'
2020-01-13 11:17:36.996  INFO 2924 --- [restartedMain] o.s.b.a.w.s.WelcomePageHandlerMapping    : Adding welcome page template: index
2020-01-13 11:17:37.003 DEBUG 2924 --- [restartedMain] o.s.w.s.handler.SimpleUrlHandlerMapping  : Patterns [/webjars/**, /**] in 'resourceHandlerMapping'
2020-01-13 11:17:37.009 DEBUG 2924 --- [restartedMain] .m.m.a.ExceptionHandlerExceptionResolver : ControllerAdvice beans: 0 @ExceptionHandler, 1 ResponseBodyAdvice
2020-01-13 11:17:37.296  INFO 2924 --- [restartedMain] o.s.b.d.a.OptionalLiveReloadServer       : LiveReload server is running on port 35729
2020-01-13 11:17:37.330  INFO 2924 --- [restartedMain] o.s.b.w.embedded.tomcat.TomcatWebServer  : Tomcat started on port(s): 8080 (http) with context path ''
2020-01-13 11:17:37.333  INFO 2924 --- [restartedMain] c.a.s.s.HelloSpringbootApplication       : Started HelloSpringbootApplication in 2.019 seconds (JVM running for 3.011)
2020-01-13 11:18:39.250  INFO 2924 --- [Thread-8] o.s.s.concurrent.ThreadPoolTaskExecutor  : Shutting down ExecutorService 'applicationTaskExecutor'
2020-01-13 11:18:42.549  INFO 15088 --- [restartedMain] c.a.s.s.HelloSpringbootApplication       : Starting HelloSpringbootApplication on away with PID 15088 (started by away in D:\workspace\my projects\codes\hello-springboot)
2020-01-13 11:18:42.550  INFO 15088 --- [restartedMain] c.a.s.s.HelloSpringbootApplication       : No active profile set, falling back to default profiles: default
2020-01-13 11:18:42.574  INFO 15088 --- [restartedMain] .e.DevToolsPropertyDefaultsPostProcessor : Devtools property defaults active! Set 'spring.devtools.add-properties' to 'false' to disable
2020-01-13 11:18:42.575  INFO 15088 --- [restartedMain] .e.DevToolsPropertyDefaultsPostProcessor : For additional web related logging consider setting the 'logging.level.web' property to 'DEBUG'
2020-01-13 11:18:43.047  INFO 15088 --- [restartedMain] .s.d.r.c.RepositoryConfigurationDelegate : Multiple Spring Data modules found, entering strict repository configuration mode!
2020-01-13 11:18:43.048  INFO 15088 --- [restartedMain] .s.d.r.c.RepositoryConfigurationDelegate : Bootstrapping Spring Data repositories in DEFAULT mode.
2020-01-13 11:18:43.062  INFO 15088 --- [restartedMain] .s.d.r.c.RepositoryConfigurationDelegate : Finished Spring Data repository scanning in 6ms. Found 0 repository interfaces.
2020-01-13 11:18:43.428  INFO 15088 --- [restartedMain] o.s.b.w.embedded.tomcat.TomcatWebServer  : Tomcat initialized with port(s): 80 (http)
2020-01-13 11:18:43.444  INFO 15088 --- [restartedMain] o.apache.catalina.core.StandardService   : Starting service [Tomcat]
2020-01-13 11:18:43.444  INFO 15088 --- [restartedMain] org.apache.catalina.core.StandardEngine  : Starting Servlet engine: [Apache Tomcat/9.0.22]
2020-01-13 11:18:43.513  INFO 15088 --- [restartedMain] o.a.c.c.C.[Tomcat].[localhost].[/]       : Initializing Spring embedded WebApplicationContext
2020-01-13 11:18:43.513 DEBUG 15088 --- [restartedMain] o.s.web.context.ContextLoader            : Published root WebApplicationContext as ServletContext attribute with name [org.springframework.web.context.WebApplicationContext.ROOT]
2020-01-13 11:18:43.513  INFO 15088 --- [restartedMain] o.s.web.context.ContextLoader            : Root WebApplicationContext: initialization completed in 938 ms
2020-01-13 11:18:43.571 DEBUG 15088 --- [restartedMain] o.s.w.s.handler.SimpleUrlHandlerMapping  : Patterns [/**/favicon.ico] in 'faviconHandlerMapping'
2020-01-13 11:18:43.657  INFO 15088 --- [restartedMain] o.s.s.concurrent.ThreadPoolTaskExecutor  : Initializing ExecutorService 'applicationTaskExecutor'
2020-01-13 11:18:43.663 DEBUG 15088 --- [restartedMain] s.w.s.m.m.a.RequestMappingHandlerAdapter : ControllerAdvice beans: 0 @ModelAttribute, 0 @InitBinder, 1 RequestBodyAdvice, 1 ResponseBodyAdvice
2020-01-13 11:18:43.688 DEBUG 15088 --- [restartedMain] s.w.s.m.m.a.RequestMappingHandlerMapping : 3 mappings in 'requestMappingHandlerMapping'
2020-01-13 11:18:43.691  INFO 15088 --- [restartedMain] o.s.b.a.w.s.WelcomePageHandlerMapping    : Adding welcome page template: index
2020-01-13 11:18:43.697 DEBUG 15088 --- [restartedMain] o.s.w.s.handler.SimpleUrlHandlerMapping  : Patterns [/webjars/**, /**] in 'resourceHandlerMapping'
2020-01-13 11:18:43.702 DEBUG 15088 --- [restartedMain] .m.m.a.ExceptionHandlerExceptionResolver : ControllerAdvice beans: 0 @ExceptionHandler, 1 ResponseBodyAdvice
2020-01-13 11:18:43.958  INFO 15088 --- [restartedMain] o.s.b.d.a.OptionalLiveReloadServer       : LiveReload server is running on port 35729
2020-01-13 11:18:43.992  INFO 15088 --- [restartedMain] o.s.b.w.embedded.tomcat.TomcatWebServer  : Tomcat started on port(s): 80 (http) with context path ''
2020-01-13 11:18:43.994  INFO 15088 --- [restartedMain] c.a.s.s.HelloSpringbootApplication       : Started HelloSpringbootApplication in 1.766 seconds (JVM running for 2.551)
2020-01-13 11:18:46.453  INFO 15088 --- [http-nio-80-exec-1] o.a.c.c.C.[Tomcat].[localhost].[/]       : Initializing Spring DispatcherServlet 'dispatcherServlet'
2020-01-13 11:18:46.454  INFO 15088 --- [http-nio-80-exec-1] o.s.web.servlet.DispatcherServlet        : Initializing Servlet 'dispatcherServlet'
2020-01-13 11:18:46.454 DEBUG 15088 --- [http-nio-80-exec-1] o.s.web.servlet.DispatcherServlet        : Detected StandardServletMultipartResolver
2020-01-13 11:18:46.459 DEBUG 15088 --- [http-nio-80-exec-1] o.s.web.servlet.DispatcherServlet        : enableLoggingRequestDetails='false': request parameters and headers will be masked to prevent unsafe logging of potentially sensitive data
2020-01-13 11:18:46.460  INFO 15088 --- [http-nio-80-exec-1] o.s.web.servlet.DispatcherServlet        : Completed initialization in 6 ms
2020-01-13 11:18:46.465 DEBUG 15088 --- [http-nio-80-exec-1] o.s.web.servlet.DispatcherServlet        : GET "/", parameters={}
2020-01-13 11:18:46.470 DEBUG 15088 --- [http-nio-80-exec-1] s.w.s.m.m.a.RequestMappingHandlerMapping : Mapped to public org.springframework.web.servlet.ModelAndView com.away.springboot01.springboottest.HelloSpringbootApplication.sayHi()
2020-01-13 11:18:46.480 DEBUG 15088 --- [http-nio-80-exec-1] o.s.w.s.v.ContentNegotiatingViewResolver : Selected 'text/html' given [text/html, application/xhtml+xml, image/webp, image/apng, application/xml;q=0.9, application/signed-exchange;v=b3;q=0.9, */*;q=0.8]
2020-01-13 11:18:46.594 DEBUG 15088 --- [http-nio-80-exec-1] o.s.web.servlet.DispatcherServlet        : Completed 200 OK
2020-01-13 11:18:46.917 DEBUG 15088 --- [http-nio-80-exec-2] o.s.web.servlet.DispatcherServlet        : GET "/favicon.ico", parameters={}
2020-01-13 11:18:46.918 DEBUG 15088 --- [http-nio-80-exec-2] o.s.w.s.handler.SimpleUrlHandlerMapping  : Mapped to ResourceHttpRequestHandler [class path resource [META-INF/resources/], class path resource [resources/], class path resource [static/], class path resource [public/], ServletContext resource [/], class path resource []]
2020-01-13 11:18:46.946 DEBUG 15088 --- [http-nio-80-exec-2] o.s.web.servlet.DispatcherServlet        : Completed 200 OK
2020-01-13 11:19:27.641 DEBUG 15088 --- [http-nio-80-exec-4] o.s.web.servlet.DispatcherServlet        : GET "/", parameters={}
2020-01-13 11:19:27.643 DEBUG 15088 --- [http-nio-80-exec-4] s.w.s.m.m.a.RequestMappingHandlerMapping : Mapped to public org.springframework.web.servlet.ModelAndView com.away.springboot01.springboottest.HelloSpringbootApplication.sayHi()
2020-01-13 11:19:27.645 DEBUG 15088 --- [http-nio-80-exec-4] o.s.w.s.v.ContentNegotiatingViewResolver : Selected 'text/html' given [text/html, application/xhtml+xml, image/webp, image/apng, application/xml;q=0.9, application/signed-exchange;v=b3;q=0.9, */*;q=0.8]
2020-01-13 11:19:27.649 DEBUG 15088 --- [http-nio-80-exec-4] o.s.web.servlet.DispatcherServlet        : Completed 200 OK
2020-01-13 11:19:27.694 DEBUG 15088 --- [http-nio-80-exec-5] o.s.web.servlet.DispatcherServlet        : GET "/favicon.ico", parameters={}
2020-01-13 11:19:27.694 DEBUG 15088 --- [http-nio-80-exec-5] o.s.w.s.handler.SimpleUrlHandlerMapping  : Mapped to ResourceHttpRequestHandler [class path resource [META-INF/resources/], class path resource [resources/], class path resource [static/], class path resource [public/], ServletContext resource [/], class path resource []]
2020-01-13 11:19:27.699 DEBUG 15088 --- [http-nio-80-exec-5] o.s.web.servlet.DispatcherServlet        : Completed 200 OK
2020-01-13 11:19:53.815 DEBUG 15088 --- [http-nio-80-exec-7] o.s.web.servlet.DispatcherServlet        : GET "/", parameters={}
2020-01-13 11:19:53.818 DEBUG 15088 --- [http-nio-80-exec-7] s.w.s.m.m.a.RequestMappingHandlerMapping : Mapped to public org.springframework.web.servlet.ModelAndView com.away.springboot01.springboottest.HelloSpringbootApplication.sayHi()
2020-01-13 11:19:53.821 DEBUG 15088 --- [http-nio-80-exec-7] o.s.w.s.v.ContentNegotiatingViewResolver : Selected 'text/html' given [text/html, application/xhtml+xml, image/webp, image/apng, application/xml;q=0.9, application/signed-exchange;v=b3;q=0.9, */*;q=0.8]
2020-01-13 11:19:53.826 DEBUG 15088 --- [http-nio-80-exec-7] o.s.web.servlet.DispatcherServlet        : Completed 200 OK
2020-01-13 11:19:53.867 DEBUG 15088 --- [http-nio-80-exec-8] o.s.web.servlet.DispatcherServlet        : GET "/favicon.ico", parameters={}
2020-01-13 11:19:53.868 DEBUG 15088 --- [http-nio-80-exec-8] o.s.w.s.handler.SimpleUrlHandlerMapping  : Mapped to ResourceHttpRequestHandler [class path resource [META-INF/resources/], class path resource [resources/], class path resource [static/], class path resource [public/], ServletContext resource [/], class path resource []]
2020-01-13 11:19:53.870 DEBUG 15088 --- [http-nio-80-exec-8] o.s.web.servlet.DispatcherServlet        : Completed 200 OK
2020-01-13 11:20:31.707 DEBUG 15088 --- [http-nio-80-exec-9] o.s.web.servlet.DispatcherServlet        : GET "/", parameters={}
2020-01-13 11:20:31.708 DEBUG 15088 --- [http-nio-80-exec-9] s.w.s.m.m.a.RequestMappingHandlerMapping : Mapped to public org.springframework.web.servlet.ModelAndView com.away.springboot01.springboottest.HelloSpringbootApplication.sayHi()
2020-01-13 11:20:31.712 DEBUG 15088 --- [http-nio-80-exec-9] o.s.w.s.v.ContentNegotiatingViewResolver : Selected 'text/html' given [text/html, application/xhtml+xml, application/xml;q=0.9, */*;q=0.8]
2020-01-13 11:20:31.720 DEBUG 15088 --- [http-nio-80-exec-9] o.s.web.servlet.DispatcherServlet        : Completed 200 OK
2020-01-13 11:23:20.409 DEBUG 15088 --- [http-nio-80-exec-3] o.s.web.servlet.DispatcherServlet        : GET "/", parameters={}
2020-01-13 11:23:20.410 DEBUG 15088 --- [http-nio-80-exec-3] s.w.s.m.m.a.RequestMappingHandlerMapping : Mapped to public org.springframework.web.servlet.ModelAndView com.away.springboot01.springboottest.HelloSpringbootApplication.sayHi()
2020-01-13 11:23:20.411 DEBUG 15088 --- [http-nio-80-exec-3] o.s.w.s.v.ContentNegotiatingViewResolver : Selected 'text/html' given [text/html, application/xhtml+xml, image/webp, image/apng, application/xml;q=0.9, application/signed-exchange;v=b3;q=0.9, */*;q=0.8]
2020-01-13 11:23:20.414 DEBUG 15088 --- [http-nio-80-exec-3] o.s.web.servlet.DispatcherServlet        : Completed 200 OK
2020-01-13 11:23:20.435 DEBUG 15088 --- [http-nio-80-exec-4] o.s.web.servlet.DispatcherServlet        : GET "/favicon.ico", parameters={}
2020-01-13 11:23:20.436 DEBUG 15088 --- [http-nio-80-exec-4] o.s.w.s.handler.SimpleUrlHandlerMapping  : Mapped to ResourceHttpRequestHandler [class path resource [META-INF/resources/], class path resource [resources/], class path resource [static/], class path resource [public/], ServletContext resource [/], class path resource []]
2020-01-13 11:23:20.438 DEBUG 15088 --- [http-nio-80-exec-4] o.s.web.servlet.DispatcherServlet        : Completed 200 OK
2020-01-13 11:23:43.290 DEBUG 15088 --- [http-nio-80-exec-7] o.s.web.servlet.DispatcherServlet        : GET "/", parameters={}
2020-01-13 11:23:43.292 DEBUG 15088 --- [http-nio-80-exec-7] s.w.s.m.m.a.RequestMappingHandlerMapping : Mapped to public org.springframework.web.servlet.ModelAndView com.away.springboot01.springboottest.HelloSpringbootApplication.sayHi()
2020-01-13 11:23:43.294 DEBUG 15088 --- [http-nio-80-exec-7] o.s.w.s.v.ContentNegotiatingViewResolver : Selected 'text/html' given [text/html, application/xhtml+xml, image/webp, image/apng, application/xml;q=0.9, application/signed-exchange;v=b3;q=0.9, */*;q=0.8]
2020-01-13 11:23:43.301 DEBUG 15088 --- [http-nio-80-exec-7] o.s.web.servlet.DispatcherServlet        : Completed 200 OK
2020-01-13 11:23:43.343 DEBUG 15088 --- [http-nio-80-exec-8] o.s.web.servlet.DispatcherServlet        : GET "/favicon.ico", parameters={}
2020-01-13 11:23:43.343 DEBUG 15088 --- [http-nio-80-exec-8] o.s.w.s.handler.SimpleUrlHandlerMapping  : Mapped to ResourceHttpRequestHandler [class path resource [META-INF/resources/], class path resource [resources/], class path resource [static/], class path resource [public/], ServletContext resource [/], class path resource []]
2020-01-13 11:23:43.345 DEBUG 15088 --- [http-nio-80-exec-8] o.s.web.servlet.DispatcherServlet        : Completed 200 OK
2020-01-13 11:24:06.828 DEBUG 15088 --- [http-nio-80-exec-10] o.s.web.servlet.DispatcherServlet        : GET "/", parameters={}
2020-01-13 11:24:06.831 DEBUG 15088 --- [http-nio-80-exec-10] s.w.s.m.m.a.RequestMappingHandlerMapping : Mapped to public org.springframework.web.servlet.ModelAndView com.away.springboot01.springboottest.HelloSpringbootApplication.sayHi()
2020-01-13 11:24:06.837 DEBUG 15088 --- [http-nio-80-exec-10] o.s.w.s.v.ContentNegotiatingViewResolver : Selected 'text/html' given [text/html, application/xhtml+xml, image/webp, image/apng, application/xml;q=0.9, application/signed-exchange;v=b3;q=0.9, */*;q=0.8]
2020-01-13 11:24:06.844 DEBUG 15088 --- [http-nio-80-exec-10] o.s.web.servlet.DispatcherServlet        : Completed 200 OK
2020-01-13 11:24:32.981 DEBUG 15088 --- [http-nio-80-exec-2] o.s.web.servlet.DispatcherServlet        : GET "/", parameters={}
2020-01-13 11:24:32.983 DEBUG 15088 --- [http-nio-80-exec-2] s.w.s.m.m.a.RequestMappingHandlerMapping : Mapped to public org.springframework.web.servlet.ModelAndView com.away.springboot01.springboottest.HelloSpringbootApplication.sayHi()
2020-01-13 11:24:32.987 DEBUG 15088 --- [http-nio-80-exec-2] o.s.w.s.v.ContentNegotiatingViewResolver : Selected '*/*' given [*/*]
2020-01-13 11:24:32.994 DEBUG 15088 --- [http-nio-80-exec-2] o.s.web.servlet.DispatcherServlet        : Completed 200 OK
2020-01-13 11:24:47.070 DEBUG 15088 --- [http-nio-80-exec-5] o.s.web.servlet.DispatcherServlet        : GET "/", parameters={}
2020-01-13 11:24:47.071 DEBUG 15088 --- [http-nio-80-exec-5] s.w.s.m.m.a.RequestMappingHandlerMapping : Mapped to public org.springframework.web.servlet.ModelAndView com.away.springboot01.springboottest.HelloSpringbootApplication.sayHi()
2020-01-13 11:24:47.075 DEBUG 15088 --- [http-nio-80-exec-5] o.s.w.s.v.ContentNegotiatingViewResolver : Selected 'text/html' given [text/html, application/xhtml+xml, image/webp, image/apng, application/xml;q=0.9, */*;q=0.8]
2020-01-13 11:24:47.080 DEBUG 15088 --- [http-nio-80-exec-5] o.s.web.servlet.DispatcherServlet        : Completed 200 OK
2020-01-13 11:24:47.647 DEBUG 15088 --- [http-nio-80-exec-7] o.s.web.servlet.DispatcherServlet        : GET "/favicon.ico", parameters={}
2020-01-13 11:24:47.648 DEBUG 15088 --- [http-nio-80-exec-7] o.s.w.s.handler.SimpleUrlHandlerMapping  : Mapped to ResourceHttpRequestHandler [class path resource [META-INF/resources/], class path resource [resources/], class path resource [static/], class path resource [public/], ServletContext resource [/], class path resource []]
2020-01-13 11:24:47.653 DEBUG 15088 --- [http-nio-80-exec-7] o.s.web.servlet.DispatcherServlet        : Completed 200 OK
2020-01-13 11:25:01.591 DEBUG 15088 --- [http-nio-80-exec-9] o.s.web.servlet.DispatcherServlet        : GET "/", parameters={}
2020-01-13 11:25:01.592 DEBUG 15088 --- [http-nio-80-exec-9] s.w.s.m.m.a.RequestMappingHandlerMapping : Mapped to public org.springframework.web.servlet.ModelAndView com.away.springboot01.springboottest.HelloSpringbootApplication.sayHi()
2020-01-13 11:25:01.597 DEBUG 15088 --- [http-nio-80-exec-9] o.s.w.s.v.ContentNegotiatingViewResolver : Selected 'text/html' given [text/html, application/xhtml+xml, image/webp, image/apng, application/xml;q=0.9, application/signed-exchange;v=b3;q=0.9, */*;q=0.8]
2020-01-13 11:25:01.603 DEBUG 15088 --- [http-nio-80-exec-9] o.s.web.servlet.DispatcherServlet        : Completed 200 OK
2020-01-13 11:25:01.972 DEBUG 15088 --- [http-nio-80-exec-1] o.s.web.servlet.DispatcherServlet        : GET "/favicon.ico", parameters={}
2020-01-13 11:25:01.973 DEBUG 15088 --- [http-nio-80-exec-1] o.s.w.s.handler.SimpleUrlHandlerMapping  : Mapped to ResourceHttpRequestHandler [class path resource [META-INF/resources/], class path resource [resources/], class path resource [static/], class path resource [public/], ServletContext resource [/], class path resource []]
2020-01-13 11:25:01.977 DEBUG 15088 --- [http-nio-80-exec-1] o.s.web.servlet.DispatcherServlet        : Completed 200 OK
2020-01-13 11:25:04.181 DEBUG 15088 --- [http-nio-80-exec-3] o.s.web.servlet.DispatcherServlet        : GET "/", parameters={}
2020-01-13 11:25:04.183 DEBUG 15088 --- [http-nio-80-exec-3] s.w.s.m.m.a.RequestMappingHandlerMapping : Mapped to public org.springframework.web.servlet.ModelAndView com.away.springboot01.springboottest.HelloSpringbootApplication.sayHi()
2020-01-13 11:25:04.188 DEBUG 15088 --- [http-nio-80-exec-3] o.s.w.s.v.ContentNegotiatingViewResolver : Selected 'text/html' given [text/html, application/xhtml+xml, image/webp, image/apng, application/xml;q=0.9, application/signed-exchange;v=b3;q=0.9, */*;q=0.8]
2020-01-13 11:25:04.197 DEBUG 15088 --- [http-nio-80-exec-3] o.s.web.servlet.DispatcherServlet        : Completed 200 OK
2020-01-13 11:25:04.640 DEBUG 15088 --- [http-nio-80-exec-5] o.s.web.servlet.DispatcherServlet        : GET "/favicon.ico", parameters={}
2020-01-13 11:25:04.640 DEBUG 15088 --- [http-nio-80-exec-5] o.s.w.s.handler.SimpleUrlHandlerMapping  : Mapped to ResourceHttpRequestHandler [class path resource [META-INF/resources/], class path resource [resources/], class path resource [static/], class path resource [public/], ServletContext resource [/], class path resource []]
2020-01-13 11:25:04.643 DEBUG 15088 --- [http-nio-80-exec-5] o.s.web.servlet.DispatcherServlet        : Completed 200 OK
2020-01-13 11:25:33.560 DEBUG 15088 --- [http-nio-80-exec-7] o.s.web.servlet.DispatcherServlet        : GET "/", parameters={}
2020-01-13 11:25:33.561 DEBUG 15088 --- [http-nio-80-exec-7] s.w.s.m.m.a.RequestMappingHandlerMapping : Mapped to public org.springframework.web.servlet.ModelAndView com.away.springboot01.springboottest.HelloSpringbootApplication.sayHi()
2020-01-13 11:25:33.565 DEBUG 15088 --- [http-nio-80-exec-7] o.s.w.s.v.ContentNegotiatingViewResolver : Selected '*/*' given [*/*]
2020-01-13 11:25:33.570 DEBUG 15088 --- [http-nio-80-exec-7] o.s.web.servlet.DispatcherServlet        : Completed 200 OK
2020-01-13 11:31:52.840  INFO 15088 --- [Thread-8] o.s.s.concurrent.ThreadPoolTaskExecutor  : Shutting down ExecutorService 'applicationTaskExecutor'
2020-01-13 14:34:55.686  INFO 3664 --- [restartedMain] c.a.s.s.HelloSpringbootApplication       : Starting HelloSpringbootApplication on away with PID 3664 (started by away in D:\workspace\my projects\codes\hello-springboot)
2020-01-13 14:34:55.689  INFO 3664 --- [restartedMain] c.a.s.s.HelloSpringbootApplication       : No active profile set, falling back to default profiles: default
2020-01-13 14:34:55.725  INFO 3664 --- [restartedMain] .e.DevToolsPropertyDefaultsPostProcessor : Devtools property defaults active! Set 'spring.devtools.add-properties' to 'false' to disable
2020-01-13 14:34:55.725  INFO 3664 --- [restartedMain] .e.DevToolsPropertyDefaultsPostProcessor : For additional web related logging consider setting the 'logging.level.web' property to 'DEBUG'
2020-01-13 14:34:56.205  INFO 3664 --- [restartedMain] .s.d.r.c.RepositoryConfigurationDelegate : Multiple Spring Data modules found, entering strict repository configuration mode!
2020-01-13 14:34:56.206  INFO 3664 --- [restartedMain] .s.d.r.c.RepositoryConfigurationDelegate : Bootstrapping Spring Data repositories in DEFAULT mode.
2020-01-13 14:34:56.219  INFO 3664 --- [restartedMain] .s.d.r.c.RepositoryConfigurationDelegate : Finished Spring Data repository scanning in 7ms. Found 0 repository interfaces.
2020-01-13 14:34:56.580  INFO 3664 --- [restartedMain] o.s.b.w.embedded.tomcat.TomcatWebServer  : Tomcat initialized with port(s): 80 (http)
2020-01-13 14:34:56.597  INFO 3664 --- [restartedMain] o.apache.catalina.core.StandardService   : Starting service [Tomcat]
2020-01-13 14:34:56.597  INFO 3664 --- [restartedMain] org.apache.catalina.core.StandardEngine  : Starting Servlet engine: [Apache Tomcat/9.0.22]
2020-01-13 14:34:56.668  INFO 3664 --- [restartedMain] o.a.c.c.C.[Tomcat].[localhost].[/]       : Initializing Spring embedded WebApplicationContext
2020-01-13 14:34:56.668 DEBUG 3664 --- [restartedMain] o.s.web.context.ContextLoader            : Published root WebApplicationContext as ServletContext attribute with name [org.springframework.web.context.WebApplicationContext.ROOT]
2020-01-13 14:34:56.669  INFO 3664 --- [restartedMain] o.s.web.context.ContextLoader            : Root WebApplicationContext: initialization completed in 944 ms
2020-01-13 14:34:56.724 DEBUG 3664 --- [restartedMain] o.s.w.s.handler.SimpleUrlHandlerMapping  : Patterns [/**/favicon.ico] in 'faviconHandlerMapping'
2020-01-13 14:34:56.811  INFO 3664 --- [restartedMain] o.s.s.concurrent.ThreadPoolTaskExecutor  : Initializing ExecutorService 'applicationTaskExecutor'
2020-01-13 14:34:56.817 DEBUG 3664 --- [restartedMain] s.w.s.m.m.a.RequestMappingHandlerAdapter : ControllerAdvice beans: 0 @ModelAttribute, 0 @InitBinder, 1 RequestBodyAdvice, 1 ResponseBodyAdvice
2020-01-13 14:34:56.842 DEBUG 3664 --- [restartedMain] s.w.s.m.m.a.RequestMappingHandlerMapping : 3 mappings in 'requestMappingHandlerMapping'
2020-01-13 14:34:56.845  INFO 3664 --- [restartedMain] o.s.b.a.w.s.WelcomePageHandlerMapping    : Adding welcome page template: index
2020-01-13 14:34:56.852 DEBUG 3664 --- [restartedMain] o.s.w.s.handler.SimpleUrlHandlerMapping  : Patterns [/webjars/**, /**] in 'resourceHandlerMapping'
2020-01-13 14:34:56.857 DEBUG 3664 --- [restartedMain] .m.m.a.ExceptionHandlerExceptionResolver : ControllerAdvice beans: 0 @ExceptionHandler, 1 ResponseBodyAdvice
2020-01-13 14:34:57.102  INFO 3664 --- [restartedMain] o.s.b.d.a.OptionalLiveReloadServer       : LiveReload server is running on port 35729
2020-01-13 14:34:57.135  INFO 3664 --- [restartedMain] o.s.b.w.embedded.tomcat.TomcatWebServer  : Tomcat started on port(s): 80 (http) with context path ''
2020-01-13 14:34:57.138  INFO 3664 --- [restartedMain] c.a.s.s.HelloSpringbootApplication       : Started HelloSpringbootApplication in 1.735 seconds (JVM running for 2.529)
2020-01-13 14:35:14.490  INFO 3664 --- [http-nio-80-exec-1] o.a.c.c.C.[Tomcat].[localhost].[/]       : Initializing Spring DispatcherServlet 'dispatcherServlet'
2020-01-13 14:35:14.490  INFO 3664 --- [http-nio-80-exec-1] o.s.web.servlet.DispatcherServlet        : Initializing Servlet 'dispatcherServlet'
2020-01-13 14:35:14.491 DEBUG 3664 --- [http-nio-80-exec-1] o.s.web.servlet.DispatcherServlet        : Detected StandardServletMultipartResolver
2020-01-13 14:35:14.494 DEBUG 3664 --- [http-nio-80-exec-1] o.s.web.servlet.DispatcherServlet        : enableLoggingRequestDetails='false': request parameters and headers will be masked to prevent unsafe logging of potentially sensitive data
2020-01-13 14:35:14.495  INFO 3664 --- [http-nio-80-exec-1] o.s.web.servlet.DispatcherServlet        : Completed initialization in 5 ms
2020-01-13 14:35:14.500 DEBUG 3664 --- [http-nio-80-exec-1] o.s.web.servlet.DispatcherServlet        : GET "/", parameters={}
2020-01-13 14:35:14.504 DEBUG 3664 --- [http-nio-80-exec-1] s.w.s.m.m.a.RequestMappingHandlerMapping : Mapped to public org.springframework.web.servlet.ModelAndView com.away.springboot01.springboottest.HelloSpringbootApplication.sayHi()
2020-01-13 14:35:14.513 DEBUG 3664 --- [http-nio-80-exec-1] o.s.w.s.v.ContentNegotiatingViewResolver : Selected 'text/html' given [text/html, application/xhtml+xml, image/webp, image/apng, application/xml;q=0.9, application/signed-exchange;v=b3;q=0.9, */*;q=0.8]
2020-01-13 14:35:14.609 DEBUG 3664 --- [http-nio-80-exec-1] o.s.web.servlet.DispatcherServlet        : Completed 200 OK
2020-01-13 14:35:52.873 DEBUG 3664 --- [http-nio-80-exec-3] o.s.web.servlet.DispatcherServlet        : GET "/", parameters={}
2020-01-13 14:35:52.874 DEBUG 3664 --- [http-nio-80-exec-3] s.w.s.m.m.a.RequestMappingHandlerMapping : Mapped to public org.springframework.web.servlet.ModelAndView com.away.springboot01.springboottest.HelloSpringbootApplication.sayHi()
2020-01-13 14:35:52.875 DEBUG 3664 --- [http-nio-80-exec-3] o.s.w.s.v.ContentNegotiatingViewResolver : Selected 'text/html' given [text/html, application/xhtml+xml, image/webp, image/apng, application/xml;q=0.9, application/signed-exchange;v=b3;q=0.9, */*;q=0.8]
2020-01-13 14:35:52.877 DEBUG 3664 --- [http-nio-80-exec-3] o.s.web.servlet.DispatcherServlet        : Completed 200 OK
2020-01-13 16:11:19.050 DEBUG 3664 --- [http-nio-80-exec-6] o.s.web.servlet.DispatcherServlet        : GET "/track?sid=554095a3c5351a0ef8ddda41", parameters={masked}
2020-01-13 16:11:19.076 DEBUG 3664 --- [http-nio-80-exec-6] o.s.w.s.handler.SimpleUrlHandlerMapping  : Mapped to ResourceHttpRequestHandler ["classpath:/META-INF/resources/", "classpath:/resources/", "classpath:/static/", "classpath:/public/", "/"]
2020-01-13 16:11:19.081 DEBUG 3664 --- [http-nio-80-exec-6] o.s.w.s.r.ResourceHttpRequestHandler     : Resource not found
2020-01-13 16:11:19.083 DEBUG 3664 --- [http-nio-80-exec-6] o.s.web.servlet.DispatcherServlet        : Completed 404 NOT_FOUND
2020-01-13 16:11:19.121 DEBUG 3664 --- [http-nio-80-exec-6] o.s.web.servlet.DispatcherServlet        : "ERROR" dispatch for GET "/error?sid=554095a3c5351a0ef8ddda41", parameters={masked}
2020-01-13 16:11:19.125 DEBUG 3664 --- [http-nio-80-exec-6] s.w.s.m.m.a.RequestMappingHandlerMapping : Mapped to public org.springframework.http.ResponseEntity<java.util.Map<java.lang.String, java.lang.Object>> org.springframework.boot.autoconfigure.web.servlet.error.BasicErrorController.error(javax.servlet.http.HttpServletRequest)
2020-01-13 16:11:19.172 DEBUG 3664 --- [http-nio-80-exec-6] o.s.w.s.m.m.a.HttpEntityMethodProcessor  : Using 'application/json;q=0.8', given [image/webp, image/apng, image/*, */*;q=0.8] and supported [application/json, application/*+json, application/json, application/*+json]
2020-01-13 16:11:19.173 DEBUG 3664 --- [http-nio-80-exec-6] o.s.w.s.m.m.a.HttpEntityMethodProcessor  : Writing [{timestamp=Mon Jan 13 16:11:19 CST 2020, status=404, error=Not Found, message=No message available,  (truncated)...]
2020-01-13 16:11:19.213 DEBUG 3664 --- [http-nio-80-exec-6] o.s.web.servlet.DispatcherServlet        : Exiting from "ERROR" dispatch, status 404
2020-01-13 18:01:08.288  INFO 3664 --- [Thread-8] o.s.s.concurrent.ThreadPoolTaskExecutor  : Shutting down ExecutorService 'applicationTaskExecutor'
